mode: set
github.com/cepa995/go-web-template/cmd/web/send-email.go:18.22,19.12 1 0
github.com/cepa995/go-web-template/cmd/web/send-email.go:19.12,20.7 1 0
github.com/cepa995/go-web-template/cmd/web/send-email.go:20.7,23.4 2 0
github.com/cepa995/go-web-template/cmd/web/send-email.go:28.34,43.16 12 0
github.com/cepa995/go-web-template/cmd/web/send-email.go:47.2,48.63 2 0
github.com/cepa995/go-web-template/cmd/web/send-email.go:52.2,55.16 3 0
github.com/cepa995/go-web-template/cmd/web/send-email.go:60.2,66.16 5 0
github.com/cepa995/go-web-template/cmd/web/send-email.go:70.2,70.41 1 0
github.com/cepa995/go-web-template/cmd/web/send-email.go:43.16,45.3 1 0
github.com/cepa995/go-web-template/cmd/web/send-email.go:48.63,50.3 1 0
github.com/cepa995/go-web-template/cmd/web/send-email.go:55.16,57.3 1 0
github.com/cepa995/go-web-template/cmd/web/send-email.go:66.16,68.3 1 0
github.com/cepa995/go-web-template/cmd/web/main.go:24.13,26.16 2 0
github.com/cepa995/go-web-template/cmd/web/main.go:29.2,41.16 7 0
github.com/cepa995/go-web-template/cmd/web/main.go:26.16,28.3 1 0
github.com/cepa995/go-web-template/cmd/web/main.go:41.16,43.3 1 0
github.com/cepa995/go-web-template/cmd/web/main.go:46.40,71.57 21 0
github.com/cepa995/go-web-template/cmd/web/main.go:76.2,89.16 10 0
github.com/cepa995/go-web-template/cmd/web/main.go:92.2,100.16 5 0
github.com/cepa995/go-web-template/cmd/web/main.go:103.2,111.29 7 0
github.com/cepa995/go-web-template/cmd/web/main.go:71.57,74.3 2 0
github.com/cepa995/go-web-template/cmd/web/main.go:89.16,91.3 1 0
github.com/cepa995/go-web-template/cmd/web/main.go:100.16,102.3 1 0
github.com/cepa995/go-web-template/cmd/web/middleware.go:14.45,25.2 3 1
github.com/cepa995/go-web-template/cmd/web/middleware.go:28.50,30.2 1 1
github.com/cepa995/go-web-template/cmd/web/middleware.go:33.52,34.71 1 0
github.com/cepa995/go-web-template/cmd/web/middleware.go:34.71,42.3 6 0
github.com/cepa995/go-web-template/cmd/web/middleware.go:46.46,47.71 1 0
github.com/cepa995/go-web-template/cmd/web/middleware.go:47.71,48.40 1 0
github.com/cepa995/go-web-template/cmd/web/middleware.go:53.3,53.23 1 0
github.com/cepa995/go-web-template/cmd/web/middleware.go:48.40,52.4 3 0
github.com/cepa995/go-web-template/cmd/web/routes.go:15.49,34.42 9 1
github.com/cepa995/go-web-template/cmd/web/routes.go:49.2,49.12 1 1
github.com/cepa995/go-web-template/cmd/web/routes.go:34.42,47.3 8 1
